Tello: 17:50:58.088:  Info: start video thread
Tello: 17:50:58.088:  Info: send connection request (cmd="conn_req:9617")
Tello: 17:50:58.089:  Info: video receive buffer size = 425984
Tello: 17:50:58.089:  Info: state transit State::disconnected -> State::connecting
Tello: 17:50:58.103:  Info: connected. (port=9617)
Tello: 17:50:58.103:  Info: send_time (cmd=0x46 seq=0x01e4)
Tello: 17:50:58.103:  Info: state transit State::connecting -> State::connected
Tello: 17:50:58.103:  Info: get video stream
Tello: 17:50:58.103:  Info: start video (cmd=0x25 seq=0x01e4)
Tello: 17:50:58.154:  Info: recv: ack: cmd=0x34 seq=0x0000 cc 60 00 27 90 34 00 00 00 00 72 a5
Tello: 17:50:58.154:  Info: recv: ack: cmd=0x20 seq=0x0000 cc 60 00 27 b0 20 00 00 00 00 42 b9
Tello: 17:50:58.154:  Info: recv: ack: cmd=0x34 seq=0x0000 cc 60 00 27 90 34 00 00 00 00 72 a5
Tello: 17:50:58.154:  Info: recv: ack: cmd=0x20 seq=0x0000 cc 60 00 27 b0 20 00 00 00 00 42 b9
Tello: 17:51:01.104:  Info: video data 927744 bytes 449.7KB/sec loss=16
Tello: 17:51:03.105:  Info: video data 752824 bytes 367.5KB/sec
Tello: 17:51:05.105:  Info: video data 749434 bytes 365.9KB/sec
Tello: 17:51:07.107:  Info: video data 751197 bytes 366.5KB/sec
Tello: 17:51:08.308:  Info: set altitude limit 30m
ALT:  0 | SPD:  0 | BAT:  5 | WIFI: 90 | CAM:  0 | MODE:  6
Tello: 17:51:08.308:  Info: takeoff (cmd=0x54 seq=0x01e4)
Tello: 17:51:08.309:  Info: up(val=0)
Tello: 17:51:08.356:  Info: recv: ack: cmd=0x54 seq=0x0000 cc 60 00 27 b0 54 00 00 00 00 a1 81
ALT:  0 | SPD:  0 | BAT:  5 | WIFI: 90 | CAM:  0 | MODE:  6
ALT:  0 | SPD:  0 | BAT:  5 | WIFI: 90 | CAM:  0 | MODE:  6
ALT:  0 | SPD:  0 | BAT:  5 | WIFI: 90 | CAM:  0 | MODE:  6
ALT:  0 | SPD:  0 | BAT:  5 | WIFI: 90 | CAM:  0 | MODE:  6
ALT:  0 | SPD:  0 | BAT:  5 | WIFI: 90 | CAM:  0 | MODE:  6
ALT:  0 | SPD:  0 | BAT:  5 | WIFI: 90 | CAM:  0 | MODE:  6
ALT:  0 | SPD:  0 | BAT:  5 | WIFI: 90 | CAM:  0 | MODE:  6
Tello: 17:51:09.107:  Info: video data 760816 bytes 371.3KB/sec
ALT:  0 | SPD:  0 | BAT:  5 | WIFI: 90 | CAM:  0 | MODE:  6
ALT:  0 | SPD:  0 | BAT:  5 | WIFI: 90 | CAM:  0 | MODE:  6
ALT:  0 | SPD:  0 | BAT:  5 | WIFI: 90 | CAM:  0 | MODE:  6
ALT:  0 | SPD:  0 | BAT:  5 | WIFI: 90 | CAM:  0 | MODE:  6
ALT:  0 | SPD:  0 | BAT:  5 | WIFI: 90 | CAM:  0 | MODE:  6
ALT:  0 | SPD:  0 | BAT:  5 | WIFI: 90 | CAM:  0 | MODE:  6
ALT:  0 | SPD:  0 | BAT:  5 | WIFI: 90 | CAM:  0 | MODE:  6
ALT:  0 | SPD:  0 | BAT:  5 | WIFI: 90 | CAM:  0 | MODE:  6
ALT:  0 | SPD:  0 | BAT:  5 | WIFI: 90 | CAM:  0 | MODE:  6
ALT:  0 | SPD:  0 | BAT:  5 | WIFI: 90 | CAM:  0 | MODE:  6
ALT:  0 | SPD:  0 | BAT:  5 | WIFI: 90 | CAM:  0 | MODE:  6
ALT:  0 | SPD:  0 | BAT:  5 | WIFI: 90 | CAM:  0 | MODE:  6
ALT:  0 | SPD:  0 | BAT:  5 | WIFI: 90 | CAM:  0 | MODE:  6
ALT:  0 | SPD:  0 | BAT:  5 | WIFI: 90 | CAM:  0 | MODE:  6
ALT:  0 | SPD:  0 | BAT:  5 | WIFI: 90 | CAM:  0 | MODE:  6
ALT:  0 | SPD:  0 | BAT:  5 | WIFI: 90 | CAM:  0 | MODE:  6
ALT:  0 | SPD:  0 | BAT:  5 | WIFI: 90 | CAM:  0 | MODE:  6
ALT:  0 | SPD:  0 | BAT:  5 | WIFI: 90 | CAM:  0 | MODE:  6
ALT:  0 | SPD:  0 | BAT:  5 | WIFI: 90 | CAM:  0 | MODE:  6
ALT:  0 | SPD:  0 | BAT:  5 | WIFI: 90 | CAM:  0 | MODE:  6
Tello: 17:51:11.108:  Info: video data 747266 bytes 364.7KB/sec
ALT:  0 | SPD:  0 | BAT:  5 | WIFI: 90 | CAM:  0 | MODE:  6
ALT:  0 | SPD:  0 | BAT:  5 | WIFI: 90 | CAM:  0 | MODE:  6
ALT:  0 | SPD:  0 | BAT:  5 | WIFI: 90 | CAM:  0 | MODE:  6
ALT:  0 | SPD:  0 | BAT:  5 | WIFI: 90 | CAM:  0 | MODE:  6
ALT:  0 | SPD:  0 | BAT:  5 | WIFI: 90 | CAM:  0 | MODE:  6
ALT:  0 | SPD:  0 | BAT:  5 | WIFI: 90 | CAM:  0 | MODE:  6
ALT:  0 | SPD:  0 | BAT:  5 | WIFI: 90 | CAM:  0 | MODE:  6
ALT:  0 | SPD:  0 | BAT:  5 | WIFI: 90 | CAM:  0 | MODE:  6
ALT:  0 | SPD:  0 | BAT:  5 | WIFI: 90 | CAM:  0 | MODE:  6
ALT:  0 | SPD:  0 | BAT:  5 | WIFI: 90 | CAM:  0 | MODE:  6
ALT:  0 | SPD:  0 | BAT:  5 | WIFI: 90 | CAM:  0 | MODE:  6
ALT:  0 | SPD:  0 | BAT:  5 | WIFI: 90 | CAM:  0 | MODE:  6
ALT:  0 | SPD:  0 | BAT:  5 | WIFI: 90 | CAM:  0 | MODE:  6
ALT:  0 | SPD:  0 | BAT:  5 | WIFI: 90 | CAM:  0 | MODE:  6
ALT:  0 | SPD:  0 | BAT:  5 | WIFI: 90 | CAM:  0 | MODE:  6
ALT:  0 | SPD:  0 | BAT:  5 | WIFI: 90 | CAM:  0 | MODE:  6
ALT:  0 | SPD:  0 | BAT:  5 | WIFI: 90 | CAM:  0 | MODE:  6
ALT:  0 | SPD:  0 | BAT:  5 | WIFI: 90 | CAM:  0 | MODE:  6
ALT:  0 | SPD:  0 | BAT:  5 | WIFI: 90 | CAM:  0 | MODE:  6
ALT:  0 | SPD:  0 | BAT:  5 | WIFI: 90 | CAM:  0 | MODE:  6
ALT:  0 | SPD:  0 | BAT:  5 | WIFI: 90 | CAM:  0 | MODE:  6
Tello: 17:51:13.108:  Info: video data 754153 bytes 368.2KB/sec
ALT:  0 | SPD:  0 | BAT:  5 | WIFI: 90 | CAM:  0 | MODE:  6
ALT:  0 | SPD:  0 | BAT:  5 | WIFI: 90 | CAM:  0 | MODE:  6
ALT:  0 | SPD:  0 | BAT:  5 | WIFI: 90 | CAM:  0 | MODE:  6
ALT:  0 | SPD:  0 | BAT:  5 | WIFI: 90 | CAM:  0 | MODE:  6
ALT:  0 | SPD:  0 | BAT:  5 | WIFI: 90 | CAM:  0 | MODE:  6
ALT:  0 | SPD:  0 | BAT:  5 | WIFI: 90 | CAM:  0 | MODE:  6
ALT:  0 | SPD:  0 | BAT:  5 | WIFI: 90 | CAM:  0 | MODE:  6
ALT:  0 | SPD:  0 | BAT:  5 | WIFI: 90 | CAM:  0 | MODE:  6
ALT:  0 | SPD:  0 | BAT:  5 | WIFI: 90 | CAM:  0 | MODE:  6
ALT:  0 | SPD:  0 | BAT:  5 | WIFI: 90 | CAM:  0 | MODE:  6
ALT:  0 | SPD:  0 | BAT:  5 | WIFI: 90 | CAM:  0 | MODE:  6
ALT:  0 | SPD:  0 | BAT:  5 | WIFI: 90 | CAM:  0 | MODE:  6
ALT:  0 | SPD:  0 | BAT:  5 | WIFI: 90 | CAM:  0 | MODE:  6
ALT:  0 | SPD:  0 | BAT:  5 | WIFI: 90 | CAM:  0 | MODE:  6
ALT:  0 | SPD:  0 | BAT:  5 | WIFI: 90 | CAM:  0 | MODE:  6
ALT:  0 | SPD:  0 | BAT:  5 | WIFI: 90 | CAM:  0 | MODE:  6
ALT:  0 | SPD:  0 | BAT:  5 | WIFI: 90 | CAM:  0 | MODE:  6
ALT:  0 | SPD:  0 | BAT:  5 | WIFI: 90 | CAM:  0 | MODE:  6
ALT:  0 | SPD:  0 | BAT:  5 | WIFI: 90 | CAM:  0 | MODE:  6
ALT:  0 | SPD:  0 | BAT:  5 | WIFI: 90 | CAM:  0 | MODE:  6
Tello: 17:51:15.137:  Info: video data 753717 bytes 362.9KB/sec
ALT:  0 | SPD:  0 | BAT:  5 | WIFI: 90 | CAM:  0 | MODE:  6
ALT:  0 | SPD:  0 | BAT:  5 | WIFI: 90 | CAM:  0 | MODE:  6
ALT:  0 | SPD:  0 | BAT:  5 | WIFI: 90 | CAM:  0 | MODE:  6
ALT:  0 | SPD:  0 | BAT:  5 | WIFI: 90 | CAM:  0 | MODE:  6
ALT:  0 | SPD:  0 | BAT:  5 | WIFI: 90 | CAM:  0 | MODE:  6
ALT:  0 | SPD:  0 | BAT:  5 | WIFI: 90 | CAM:  0 | MODE:  6
ALT:  0 | SPD:  0 | BAT:  5 | WIFI: 90 | CAM:  0 | MODE:  6
ALT:  0 | SPD:  0 | BAT:  5 | WIFI: 90 | CAM:  0 | MODE:  6
ALT:  0 | SPD:  0 | BAT:  5 | WIFI: 90 | CAM:  0 | MODE:  6
ALT:  0 | SPD:  0 | BAT:  5 | WIFI: 90 | CAM:  0 | MODE:  6
ALT:  0 | SPD:  0 | BAT:  5 | WIFI: 90 | CAM:  0 | MODE:  6
ALT:  0 | SPD:  0 | BAT:  5 | WIFI: 90 | CAM:  0 | MODE:  6
ALT:  0 | SPD:  0 | BAT:  5 | WIFI: 90 | CAM:  0 | MODE:  6
ALT:  0 | SPD:  0 | BAT:  5 | WIFI: 90 | CAM:  0 | MODE:  6
ALT:  0 | SPD:  0 | BAT:  5 | WIFI: 90 | CAM:  0 | MODE:  6
ALT:  0 | SPD:  0 | BAT:  5 | WIFI: 90 | CAM:  0 | MODE:  6
ALT:  0 | SPD:  0 | BAT:  5 | WIFI: 90 | CAM:  0 | MODE:  6
ALT:  0 | SPD:  0 | BAT:  5 | WIFI: 90 | CAM:  0 | MODE:  6
ALT:  0 | SPD:  0 | BAT:  5 | WIFI: 90 | CAM:  0 | MODE:  6
ALT:  0 | SPD:  0 | BAT:  5 | WIFI: 90 | CAM:  0 | MODE:  6
Tello: 17:51:17.138:  Info: video data 753817 bytes 367.7KB/sec
ALT:  0 | SPD:  0 | BAT:  5 | WIFI: 90 | CAM:  0 | MODE:  6
ALT:  0 | SPD:  0 | BAT:  5 | WIFI: 90 | CAM:  0 | MODE:  6
ALT:  0 | SPD:  0 | BAT:  5 | WIFI: 90 | CAM:  0 | MODE:  6
ALT:  0 | SPD:  0 | BAT:  5 | WIFI: 90 | CAM:  0 | MODE:  6
ALT:  0 | SPD:  0 | BAT:  5 | WIFI: 90 | CAM:  0 | MODE:  6
ALT:  0 | SPD:  0 | BAT:  5 | WIFI: 90 | CAM:  0 | MODE:  6
ALT:  0 | SPD:  0 | BAT:  5 | WIFI: 90 | CAM:  0 | MODE:  6
ALT:  0 | SPD:  0 | BAT:  5 | WIFI: 90 | CAM:  0 | MODE:  6
ALT:  0 | SPD:  0 | BAT:  5 | WIFI: 90 | CAM:  0 | MODE:  6
ALT:  0 | SPD:  0 | BAT:  5 | WIFI: 90 | CAM:  0 | MODE:  6
ALT:  0 | SPD:  0 | BAT:  5 | WIFI: 90 | CAM:  0 | MODE:  6
ALT:  0 | SPD:  0 | BAT:  5 | WIFI: 90 | CAM:  0 | MODE:  6
ALT:  0 | SPD:  0 | BAT:  5 | WIFI: 90 | CAM:  0 | MODE:  6
ALT:  0 | SPD:  0 | BAT:  5 | WIFI: 90 | CAM:  0 | MODE:  6
ALT:  0 | SPD:  0 | BAT:  5 | WIFI: 90 | CAM:  0 | MODE:  6
ALT:  0 | SPD:  0 | BAT:  5 | WIFI: 90 | CAM:  0 | MODE:  6
ALT:  0 | SPD:  0 | BAT:  5 | WIFI: 90 | CAM:  0 | MODE:  6
ALT:  0 | SPD:  0 | BAT:  5 | WIFI: 90 | CAM:  0 | MODE:  6
ALT:  0 | SPD:  0 | BAT:  5 | WIFI: 90 | CAM:  0 | MODE:  6Sub-process start.
