Tello: 17:17:04.352:  Info: start video thread
Tello: 17:17:04.352:  Info: send connection request (cmd="conn_req:9617")
Tello: 17:17:04.352:  Info: video receive buffer size = 425984
Tello: 17:17:04.352:  Info: state transit State::disconnected -> State::connecting
Tello: 17:17:04.377:  Info: connected. (port=9617)
Tello: 17:17:04.377:  Info: send_time (cmd=0x46 seq=0x01e4)
Tello: 17:17:04.377:  Info: state transit State::connecting -> State::connected
Tello: 17:17:04.377:  Info: get video stream
Tello: 17:17:04.377:  Info: start video (cmd=0x25 seq=0x01e4)
Tello: 17:17:04.428:  Info: recv: ack: cmd=0x34 seq=0x0000 cc 60 00 27 90 34 00 00 00 00 72 a5
Tello: 17:17:04.428:  Info: recv: ack: cmd=0x20 seq=0x0000 cc 60 00 27 b0 20 00 00 00 00 42 b9
Tello: 17:17:04.430:  Info: recv: ack: cmd=0x34 seq=0x0000 cc 60 00 27 90 34 00 00 00 00 72 a5
Tello: 17:17:04.431:  Info: recv: ack: cmd=0x20 seq=0x0000 cc 60 00 27 b0 20 00 00 00 00 42 b9
Tello: 17:17:07.382:  Info: video data 926924 bytes 446.3KB/sec loss=16
Tello: 17:17:09.383:  Info: video data 754157 bytes 368.0KB/sec
Tello: 17:17:11.383:  Info: video data 751067 bytes 366.7KB/sec
Tello: 17:17:13.388:  Info: video data 749626 bytes 365.2KB/sec
Tello: 17:17:14.587:  Info: set altitude limit 30m
Tello: 17:17:14.588:  Info: takeoff (cmd=0x54 seq=0x01e4)
ALT:  0 | SPD:  0 | BAT: 66 | WIFI: 90 | CAM:  0 | MODE:  6
Tello: 17:17:14.633:  Info: recv: ack: cmd=0x54 seq=0x0000 cc 60 00 27 b0 54 00 00 00 00 a1 81
ALT:  0 | SPD:  0 | BAT: 66 | WIFI: 90 | CAM:  0 | MODE: 11
ALT:  0 | SPD:  0 | BAT: 66 | WIFI: 90 | CAM:  0 | MODE: 11
ALT:  0 | SPD:  0 | BAT: 66 | WIFI: 90 | CAM:  0 | MODE: 11
ALT:  0 | SPD:  0 | BAT: 66 | WIFI: 90 | CAM:  0 | MODE: 11
ALT:  0 | SPD:  0 | BAT: 66 | WIFI: 90 | CAM:  0 | MODE: 11
ALT:  0 | SPD:  0 | BAT: 66 | WIFI: 90 | CAM:  0 | MODE: 11
ALT:  0 | SPD: -2 | BAT: 66 | WIFI: 90 | CAM:  0 | MODE: 11
Tello: 17:17:15.397:  Info: video data 748676 bytes 363.8KB/sec
ALT:  0 | SPD: -5 | BAT: 66 | WIFI: 90 | CAM:  0 | MODE: 11
ALT:  1 | SPD: -7 | BAT: 66 | WIFI: 90 | CAM:  0 | MODE: 11
ALT:  2 | SPD: -8 | BAT: 66 | WIFI: 90 | CAM:  0 | MODE: 11
ALT:  3 | SPD: -9 | BAT: 66 | WIFI: 90 | CAM:  0 | MODE: 11
ALT:  4 | SPD: -10 | BAT: 66 | WIFI: 90 | CAM:  0 | MODE: 11
ALT:  5 | SPD: -10 | BAT: 66 | WIFI: 90 | CAM:  0 | MODE: 11
ALT:  6 | SPD: -9 | BAT: 66 | WIFI: 90 | CAM:  0 | MODE: 11
ALT:  7 | SPD: -9 | BAT: 66 | WIFI: 90 | CAM:  0 | MODE: 11
ALT:  8 | SPD: -8 | BAT: 66 | WIFI: 90 | CAM:  0 | MODE: 11
ALT:  8 | SPD: -6 | BAT: 66 | WIFI: 90 | CAM:  0 | MODE: 11
ALT:  9 | SPD: -5 | BAT: 66 | WIFI: 90 | CAM:  0 | MODE: 11
ALT:  9 | SPD: -4 | BAT: 66 | WIFI: 90 | CAM:  0 | MODE: 11
ALT: 10 | SPD: -3 | BAT: 66 | WIFI: 90 | CAM:  0 | MODE: 11
ALT: 10 | SPD: -2 | BAT: 66 | WIFI: 90 | CAM:  0 | MODE: 11
ALT: 10 | SPD: -1 | BAT: 66 | WIFI: 90 | CAM:  0 | MODE: 11
ALT: 10 | SPD: -1 | BAT: 66 | WIFI: 90 | CAM:  0 | MODE: 11
ALT: 11 | SPD: -1 | BAT: 66 | WIFI: 90 | CAM:  0 | MODE: 11
ALT: 11 | SPD: -1 | BAT: 66 | WIFI: 90 | CAM:  0 | MODE: 11
ALT: 11 | SPD:  0 | BAT: 66 | WIFI: 90 | CAM:  0 | MODE: 11
ALT: 11 | SPD:  0 | BAT: 66 | WIFI: 90 | CAM:  0 | MODE: 11
ALT: 11 | SPD:  0 | BAT: 66 | WIFI: 90 | CAM:  0 | MODE: 11
Tello: 17:17:17.418:  Info: video data 764237 bytes 369.3KB/sec
ALT: 11 | SPD:  0 | BAT: 66 | WIFI: 90 | CAM:  0 | MODE: 11
ALT: 11 | SPD:  0 | BAT: 66 | WIFI: 90 | CAM:  0 | MODE: 11
ALT: 11 | SPD:  0 | BAT: 66 | WIFI: 90 | CAM:  0 | MODE: 11
ALT: 11 | SPD:  0 | BAT: 66 | WIFI: 90 | CAM:  0 | MODE: 11
ALT: 11 | SPD:  0 | BAT: 66 | WIFI: 90 | CAM:  0 | MODE: 11
ALT: 11 | SPD:  0 | BAT: 66 | WIFI: 90 | CAM:  0 | MODE: 11
ALT: 11 | SPD:  0 | BAT: 66 | WIFI: 90 | CAM:  0 | MODE: 11
ALT: 11 | SPD:  0 | BAT: 66 | WIFI: 90 | CAM:  0 | MODE: 11
ALT: 11 | SPD:  0 | BAT: 66 | WIFI: 90 | CAM:  0 | MODE: 11
ALT: 12 | SPD:  0 | BAT: 66 | WIFI: 90 | CAM:  0 | MODE: 11
ALT: 12 | SPD:  0 | BAT: 66 | WIFI: 90 | CAM:  0 | MODE: 11
ALT: 12 | SPD:  0 | BAT: 66 | WIFI: 90 | CAM:  0 | MODE: 11
ALT: 12 | SPD:  0 | BAT: 66 | WIFI: 90 | CAM:  0 | MODE: 11
ALT: 12 | SPD:  0 | BAT: 66 | WIFI: 90 | CAM:  0 | MODE:  6
ALT: 12 | SPD:  0 | BAT: 66 | WIFI: 90 | CAM:  0 | MODE:  6
ALT: 12 | SPD:  0 | BAT: 66 | WIFI: 90 | CAM:  0 | MODE:  6
ALT: 12 | SPD:  0 | BAT: 66 | WIFI: 90 | CAM:  0 | MODE:  6
ALT: 12 | SPD:  0 | BAT: 66 | WIFI: 90 | CAM:  0 | MODE:  6
ALT: 12 | SPD:  0 | BAT: 66 | WIFI: 90 | CAM:  0 | MODE:  6
ALT: 12 | SPD:  0 | BAT: 66 | WIFI: 90 | CAM:  0 | MODE:  6
Tello: 17:17:19.418:  Info: video data 760108 bytes 371.1KB/sec
ALT: 12 | SPD:  0 | BAT: 66 | WIFI: 90 | CAM:  0 | MODE:  6
ALT: 12 | SPD:  0 | BAT: 66 | WIFI: 90 | CAM:  0 | MODE:  6
ALT: 12 | SPD:  0 | BAT: 66 | WIFI: 90 | CAM:  0 | MODE:  6
ALT: 12 | SPD:  0 | BAT: 66 | WIFI: 90 | CAM:  0 | MODE:  6
ALT: 12 | SPD:  0 | BAT: 66 | WIFI: 90 | CAM:  0 | MODE:  6
ALT: 12 | SPD:  0 | BAT: 66 | WIFI: 90 | CAM:  0 | MODE:  6
ALT: 12 | SPD:  0 | BAT: 66 | WIFI: 90 | CAM:  0 | MODE:  6
ALT: 12 | SPD:  0 | BAT: 66 | WIFI: 90 | CAM:  0 | MODE:  6
ALT: 12 | SPD:  0 | BAT: 66 | WIFI: 90 | CAM:  0 | MODE:  6
ALT: 12 | SPD:  0 | BAT: 66 | WIFI: 90 | CAM:  0 | MODE:  6
ALT: 12 | SPD:  0 | BAT: 66 | WIFI: 90 | CAM:  0 | MODE:  6
ALT: 12 | SPD:  0 | BAT: 66 | WIFI: 90 | CAM:  0 | MODE:  6
ALT: 12 | SPD:  0 | BAT: 66 | WIFI: 90 | CAM:  0 | MODE:  6
ALT: 12 | SPD:  0 | BAT: 66 | WIFI: 90 | CAM:  0 | MODE:  6
ALT: 12 | SPD:  0 | BAT: 66 | WIFI: 90 | CAM:  0 | MODE:  6
ALT: 12 | SPD:  0 | BAT: 66 | WIFI: 90 | CAM:  0 | MODE:  6
ALT: 12 | SPD:  0 | BAT: 66 | WIFI: 90 | CAM:  0 | MODE:  6
ALT: 12 | SPD:  0 | BAT: 66 | WIFI: 90 | CAM:  0 | MODE:  6
ALT: 12 | SPD:  0 | BAT: 66 | WIFI: 90 | CAM:  0 | MODE:  6
ALT: 12 | SPD:  0 | BAT: 66 | WIFI: 90 | CAM:  0 | MODE:  6
Tello: 17:17:21.419:  Info: video data 748202 bytes 365.2KB/sec
ALT: 12 | SPD:  0 | BAT: 66 | WIFI: 90 | CAM:  0 | MODE:  6
ALT: 12 | SPD:  0 | BAT: 66 | WIFI: 90 | CAM:  0 | MODE:  6
ALT: 12 | SPD:  0 | BAT: 66 | WIFI: 90 | CAM:  0 | MODE:  6
ALT: 12 | SPD:  0 | BAT: 66 | WIFI: 90 | CAM:  0 | MODE:  6
ALT: 12 | SPD:  0 | BAT: 66 | WIFI: 90 | CAM:  0 | MODE:  6
ALT: 12 | SPD:  0 | BAT: 66 | WIFI: 90 | CAM:  0 | MODE:  6
ALT: 12 | SPD:  0 | BAT: 66 | WIFI: 90 | CAM:  0 | MODE:  6
ALT: 12 | SPD:  0 | BAT: 66 | WIFI: 90 | CAM:  0 | MODE:  6
ALT: 12 | SPD:  0 | BAT: 66 | WIFI: 90 | CAM:  0 | MODE:  6
ALT: 12 | SPD:  0 | BAT: 66 | WIFI: 90 | CAM:  0 | MODE:  6
ALT: 12 | SPD:  0 | BAT: 66 | WIFI: 90 | CAM:  0 | MODE:  6
ALT: 12 | SPD:  0 | BAT: 66 | WIFI: 90 | CAM:  0 | MODE:  6
ALT: 12 | SPD:  0 | BAT: 66 | WIFI: 90 | CAM:  0 | MODE:  6
ALT: 12 | SPD:  0 | BAT: 66 | WIFI: 90 | CAM:  0 | MODE:  6
ALT: 12 | SPD:  0 | BAT: 66 | WIFI: 90 | CAM:  0 | MODE:  6
ALT: 12 | SPD:  0 | BAT: 66 | WIFI: 90 | CAM:  0 | MODE:  6
ALT: 12 | SPD:  0 | BAT: 66 | WIFI: 90 | CAM:  0 | MODE:  6
ALT: 12 | SPD:  0 | BAT: 66 | WIFI: 90 | CAM:  0 | MODE:  6
ALT: 12 | SPD:  0 | BAT: 66 | WIFI: 90 | CAM:  0 | MODE:  6
ALT: 12 | SPD:  0 | BAT: 66 | WIFI: 90 | CAM:  0 | MODE:  6
Tello: 17:17:23.420:  Info: video data 754097 bytes 367.9KB/sec
ALT: 12 | SPD:  0 | BAT: 66 | WIFI: 90 | CAM:  0 | MODE:  6
ALT: 12 | SPD:  0 | BAT: 66 | WIFI: 90 | CAM:  0 | MODE:  6
ALT: 12 | SPD:  0 | BAT: 66 | WIFI: 90 | CAM:  0 | MODE:  6
ALT: 12 | SPD:  0 | BAT: 66 | WIFI: 90 | CAM:  0 | MODE:  6
ALT: 12 | SPD:  0 | BAT: 66 | WIFI: 90 | CAM:  0 | MODE:  6
ALT: 12 | SPD:  0 | BAT: 66 | WIFI: 90 | CAM:  0 | MODE:  6
ALT: 12 | SPD:  0 | BAT: 66 | WIFI: 90 | CAM:  0 | MODE:  6
ALT: 12 | SPD:  0 | BAT: 66 | WIFI: 90 | CAM:  0 | MODE:  6
ALT: 12 | SPD:  0 | BAT: 66 | WIFI: 90 | CAM:  0 | MODE:  6
ALT: 12 | SPD:  0 | BAT: 66 | WIFI: 90 | CAM:  0 | MODE:  6
ALT: 12 | SPD:  0 | BAT: 66 | WIFI: 90 | CAM:  0 | MODE:  6
ALT: 12 | SPD:  0 | BAT: 66 | WIFI: 90 | CAM:  0 | MODE:  6
ALT: 12 | SPD:  0 | BAT: 66 | WIFI: 90 | CAM:  0 | MODE:  6
ALT: 12 | SPD:  0 | BAT: 66 | WIFI: 90 | CAM:  0 | MODE:  6
ALT: 12 | SPD:  0 | BAT: 66 | WIFI: 90 | CAM:  0 | MODE:  6
ALT: 12 | SPD:  0 | BAT: 66 | WIFI: 90 | CAM:  0 | MODE:  6
ALT: 12 | SPD:  0 | BAT: 66 | WIFI: 90 | CAM:  0 | MODE:  6
ALT: 12 | SPD:  0 | BAT: 66 | WIFI: 90 | CAM:  0 | MODE:  6
ALT: 12 | SPD:  0 | BAT: 66 | WIFI: 90 | CAM:  0 | MODE:  6Sub-process start.

ALT: 12 | SPD:  0 | BAT: 66 | WIFI: 90 | CAM:  0 | MODE:  6
Tello: 17:17:25.450:  Info: video data 754476 bytes 362.9KB/sec
ALT: 12 | SPD:  0 | BAT: 66 | WIFI: 90 | CAM:  0 | MODE:  6
ALT: 12 | SPD:  0 | BAT: 66 | WIFI: 90 | CAM:  0 | MODE:  6
ALT: 12 | SPD:  0 | BAT: 66 | WIFI: 90 | CAM:  0 | MODE:  6
ALT: 12 | SPD:  0 | BAT: 66 | WIFI: 90 | CAM:  0 | MODE:  6
ALT: 12 | SPD:  0 | BAT: 66 | WIFI: 90 | CAM:  0 | MODE:  6
ALT: 12 | SPD:  0 | BAT: 66 | WIFI: 90 | CAM:  0 | MODE:  6
ALT: 12 | SPD:  0 | BAT: 66 | WIFI: 90 | CAM:  0 | MODE:  6
ALT: 12 | SPD:  0 | BAT: 66 | WIFI: 90 | CAM:  0 | MODE:  6
ALT: 12 | SPD:  0 | BAT: 66 | WIFI: 90 | CAM:  0 | MODE:  6
ALT: 12 | SPD:  0 | BAT: 66 | WIFI: 90 | CAM:  0 | MODE:  6
ALT: 12 | SPD:  0 | BAT: 66 | WIFI: 90 | CAM:  0 | MODE:  6
ALT: 12 | SPD:  0 | BAT: 66 | WIFI: 90 | CAM:  0 | MODE:  6
ALT: 12 | SPD:  0 | BAT: 66 | WIFI: 90 | CAM:  0 | MODE:  6
ALT: 12 | SPD:  0 | BAT: 66 | WIFI: 90 | CAM:  0 | MODE:  6
ALT: 12 | SPD:  0 | BAT: 66 | WIFI: 90 | CAM:  0 | MODE:  6
ALT: 12 | SPD:  0 | BAT: 66 | WIFI: 90 | CAM:  0 | MODE:  6
ALT: 12 | SPD:  0 | BAT: 66 | WIFI: 90 | CAM:  0 | MODE:  6
ALT: 12 | SPD:  0 | BAT: 66 | WIFI: 90 | CAM:  0 | MODE:  6
ALT: 12 | SPD:  0 | BAT: 66 | WIFI: 90 | CAM:  0 | MODE:  6
ALT: 12 | SPD:  0 | BAT: 66 | WIFI: 90 | CAM:  0 | MODE:  6
Tello: 17:17:27.451:  Info: video data 751280 bytes 366.7KB/sec
ALT: 12 | SPD:  0 | BAT: 66 | WIFI: 90 | CAM:  0 | MODE:  6
ALT: 12 | SPD:  0 | BAT: 66 | WIFI: 90 | CAM:  0 | MODE:  6
ALT: 12 | SPD:  0 | BAT: 66 | WIFI: 90 | CAM:  0 | MODE:  6
ALT: 12 | SPD:  0 | BAT: 66 | WIFI: 90 | CAM:  0 | MODE:  6
ALT: 12 | SPD:  0 | BAT: 66 | WIFI: 90 | CAM:  0 | MODE:  6
ALT: 12 | SPD:  0 | BAT: 66 | WIFI: 90 | CAM:  0 | MODE:  6
ALT: 12 | SPD:  0 | BAT: 66 | WIFI: 90 | CAM:  0 | MODE:  6
ALT: 12 | SPD:  0 | BAT: 66 | WIFI: 90 | CAM:  0 | MODE:  6
ALT: 12 | SPD:  0 | BAT: 66 | WIFI: 90 | CAM:  0 | MODE:  6
ALT: 12 | SPD:  0 | BAT: 66 | WIFI: 90 | CAM:  0 | MODE:  6
ALT: 12 | SPD:  0 | BAT: 66 | WIFI: 90 | CAM:  0 | MODE:  6
ALT: 12 | SPD:  0 | BAT: 66 | WIFI: 90 | CAM:  0 | MODE:  6
ALT: 12 | SPD:  0 | BAT: 66 | WIFI: 90 | CAM:  0 | MODE:  6
ALT: 12 | SPD:  0 | BAT: 66 | WIFI: 90 | CAM:  0 | MODE:  6
ALT: 12 | SPD:  0 | BAT: 66 | WIFI: 90 | CAM:  0 | MODE:  6
ALT: 12 | SPD:  0 | BAT: 66 | WIFI: 90 | CAM:  0 | MODE:  6
ALT: 12 | SPD:  0 | BAT: 66 | WIFI: 90 | CAM:  0 | MODE:  6
ALT: 12 | SPD:  0 | BAT: 66 | WIFI: 90 | CAM:  0 | MODE:  6
ALT: 12 | SPD:  0 | BAT: 66 | WIFI: 90 | CAM:  0 | MODE:  6
ALT: 12 | SPD:  0 | BAT: 66 | WIFI: 90 | CAM:  0 | MODE:  6
Tello: 17:17:29.452:  Info: video data 756965 bytes 369.3KB/sec
ALT: 12 | SPD:  0 | BAT: 66 | WIFI: 90 | CAM:  0 | MODE:  6
ALT: 12 | SPD:  0 | BAT: 66 | WIFI: 90 | CAM:  0 | MODE:  6
ALT: 12 | SPD:  0 | BAT: 66 | WIFI: 90 | CAM:  0 | MODE:  6
ALT: 12 | SPD:  0 | BAT: 66 | WIFI: 90 | CAM:  0 | MODE:  6
ALT: 12 | SPD:  0 | BAT: 66 | WIFI: 90 | CAM:  0 | MODE:  6
ALT: 12 | SPD:  0 | BAT: 66 | WIFI: 90 | CAM:  0 | MODE:  6
ALT: 12 | SPD:  0 | BAT: 66 | WIFI: 90 | CAM:  0 | MODE:  6
ALT: 12 | SPD:  0 | BAT: 66 | WIFI: 90 | CAM:  0 | MODE:  6
ALT: 12 | SPD:  0 | BAT: 66 | WIFI: 90 | CAM:  0 | MODE:  6
ALT: 12 | SPD:  0 | BAT: 66 | WIFI: 90 | CAM:  0 | MODE:  6
ALT: 12 | SPD:  0 | BAT: 66 | WIFI: 90 | CAM:  0 | MODE:  6
ALT: 12 | SPD:  0 | BAT: 66 | WIFI: 90 | CAM:  0 | MODE:  6
ALT: 12 | SPD:  0 | BAT: 66 | WIFI: 90 | CAM:  0 | MODE:  6
ALT: 12 | SPD:  0 | BAT: 66 | WIFI: 90 | CAM:  0 | MODE:  6
ALT: 12 | SPD:  0 | BAT: 66 | WIFI: 90 | CAM:  0 | MODE:  6
ALT: 12 | SPD:  0 | BAT: 66 | WIFI: 90 | CAM:  0 | MODE:  6
ALT: 12 | SPD:  0 | BAT: 66 | WIFI: 90 | CAM:  0 | MODE:  6
ALT: 12 | SPD:  0 | BAT: 66 | WIFI: 90 | CAM:  0 | MODE:  6
ALT: 12 | SPD:  0 | BAT: 66 | WIFI: 90 | CAM:  0 | MODE:  6
ALT: 12 | SPD:  0 | BAT: 66 | WIFI: 90 | CAM:  0 | MODE:  6
Tello: 17:17:31.453:  Info: video data 755586 bytes 368.9KB/sec
ALT: 12 | SPD:  0 | BAT: 66 | WIFI: 90 | CAM:  0 | MODE:  6
ALT: 12 | SPD:  0 | BAT: 66 | WIFI: 90 | CAM:  0 | MODE:  6
ALT: 12 | SPD:  0 | BAT: 66 | WIFI: 90 | CAM:  0 | MODE:  6
ALT: 12 | SPD:  0 | BAT: 66 | WIFI: 90 | CAM:  0 | MODE:  6
ALT: 12 | SPD:  0 | BAT: 66 | WIFI: 90 | CAM:  0 | MODE:  6
ALT: 12 | SPD:  0 | BAT: 66 | WIFI: 90 | CAM:  0 | MODE:  6
ALT: 12 | SPD:  0 | BAT: 66 | WIFI: 90 | CAM:  0 | MODE:  6
ALT: 12 | SPD:  0 | BAT: 66 | WIFI: 90 | CAM:  0 | MODE:  6
ALT: 12 | SPD:  0 | BAT: 66 | WIFI: 90 | CAM:  0 | MODE:  6
ALT: 12 | SPD:  0 | BAT: 66 | WIFI: 90 | CAM:  0 | MODE:  6
ALT: 12 | SPD:  0 | BAT: 66 | WIFI: 90 | CAM:  0 | MODE:  6
ALT: 12 | SPD:  0 | BAT: 66 | WIFI: 90 | CAM:  0 | MODE:  6
ALT: 12 | SPD:  0 | BAT: 66 | WIFI: 90 | CAM:  0 | MODE:  6
ALT: 12 | SPD:  0 | BAT: 66 | WIFI: 90 | CAM:  0 | MODE:  6
ALT: 12 | SPD:  0 | BAT: 66 | WIFI: 90 | CAM:  0 | MODE:  6
ALT: 12 | SPD:  0 | BAT: 66 | WIFI: 90 | CAM:  0 | MODE:  6
ALT: 12 | SPD:  0 | BAT: 66 | WIFI: 90 | CAM:  0 | MODE:  6
ALT: 12 | SPD:  0 | BAT: 66 | WIFI: 90 | CAM:  0 | MODE:  6
ALT: 12 | SPD:  0 | BAT: 66 | WIFI: 90 | CAM:  0 | MODE:  6
ALT: 12 | SPD:  0 | BAT: 66 | WIFI: 90 | CAM:  0 | MODE:  6
Tello: 17:17:33.453:  Info: video data 749810 bytes 366.1KB/sec
ALT: 12 | SPD:  0 | BAT: 66 | WIFI: 90 | CAM:  0 | MODE:  6
ALT: 12 | SPD:  0 | BAT: 66 | WIFI: 90 | CAM:  0 | MODE:  6
ALT: 12 | SPD:  0 | BAT: 66 | WIFI: 90 | CAM:  0 | MODE:  6
ALT: 12 | SPD:  0 | BAT: 66 | WIFI: 90 | CAM:  0 | MODE:  6
ALT: 12 | SPD:  0 | BAT: 66 | WIFI: 90 | CAM:  0 | MODE:  6
ALT: 12 | SPD:  0 | BAT: 66 | WIFI: 90 | CAM:  0 | MODE:  6
ALT: 12 | SPD:  0 | BAT: 66 | WIFI: 90 | CAM:  0 | MODE:  6
ALT: 12 | SPD:  0 | BAT: 66 | WIFI: 90 | CAM:  0 | MODE:  6
ALT: 12 | SPD:  0 | BAT: 66 | WIFI: 90 | CAM:  0 | MODE:  6
ALT: 12 | SPD:  0 | BAT: 66 | WIFI: 90 | CAM:  0 | MODE:  6
ALT: 12 | SPD:  0 | BAT: 66 | WIFI: 90 | CAM:  0 | MODE:  6
ALT: 12 | SPD:  0 | BAT: 66 | WIFI: 90 | CAM:  0 | MODE:  6
ALT: 12 | SPD:  0 | BAT: 66 | WIFI: 90 | CAM:  0 | MODE:  6
ALT: 12 | SPD:  0 | BAT: 66 | WIFI: 90 | CAM:  0 | MODE:  6
ALT: 12 | SPD:  0 | BAT: 66 | WIFI: 90 | CAM:  0 | MODE:  6
ALT: 12 | SPD:  0 | BAT: 66 | WIFI: 90 | CAM:  0 | MODE:  6
ALT: 12 | SPD:  0 | BAT: 66 | WIFI: 90 | CAM:  0 | MODE:  6
ALT: 12 | SPD:  0 | BAT: 66 | WIFI: 90 | CAM:  0 | MODE:  6
ALT: 12 | SPD:  0 | BAT: 66 | WIFI: 90 | CAM:  0 | MODE:  6
ALT: 12 | SPD:  0 | BAT: 66 | WIFI: 90 | CAM:  0 | MODE:  6
Tello: 17:17:35.453:  Info: video data 743460 bytes 363.0KB/sec
ALT: 12 | SPD:  0 | BAT: 66 | WIFI: 90 | CAM:  0 | MODE:  6
ALT: 12 | SPD:  0 | BAT: 66 | WIFI: 90 | CAM:  0 | MODE:  6
ALT: 12 | SPD:  0 | BAT: 66 | WIFI: 90 | CAM:  0 | MODE:  6
ALT: 12 | SPD:  0 | BAT: 66 | WIFI: 90 | CAM:  0 | MODE:  6
ALT: 12 | SPD:  0 | BAT: 66 | WIFI: 90 | CAM:  0 | MODE:  6
ALT: 12 | SPD:  0 | BAT: 66 | WIFI: 90 | CAM:  0 | MODE:  6
ALT: 12 | SPD:  0 | BAT: 66 | WIFI: 90 | CAM:  0 | MODE:  6
ALT: 12 | SPD:  0 | BAT: 66 | WIFI: 90 | CAM:  0 | MODE:  6
ALT: 12 | SPD:  0 | BAT: 66 | WIFI: 90 | CAM:  0 | MODE:  6
ALT: 12 | SPD:  0 | BAT: 66 | WIFI: 90 | CAM:  0 | MODE:  6
ALT: 12 | SPD:  0 | BAT: 66 | WIFI: 90 | CAM:  0 | MODE:  6
ALT: 12 | SPD:  0 | BAT: 66 | WIFI: 90 | CAM:  0 | MODE:  6
ALT: 12 | SPD:  0 | BAT: 66 | WIFI: 90 | CAM:  0 | MODE:  6
ALT: 12 | SPD:  0 | BAT: 66 | WIFI: 90 | CAM:  0 | MODE:  6
ALT: 12 | SPD:  0 | BAT: 66 | WIFI: 90 | CAM:  0 | MODE:  6
ALT: 12 | SPD:  0 | BAT: 66 | WIFI: 90 | CAM:  0 | MODE:  6
ALT: 12 | SPD:  0 | BAT: 66 | WIFI: 90 | CAM:  0 | MODE:  6
ALT: 12 | SPD:  0 | BAT: 66 | WIFI: 90 | CAM:  0 | MODE:  6
ALT: 12 | SPD:  0 | BAT: 66 | WIFI: 90 | CAM:  0 | MODE:  6
ALT: 12 | SPD:  0 | BAT: 66 | WIFI: 90 | CAM:  0 | MODE:  6
Tello: 17:17:37.457:  Info: video data 751472 bytes 366.1KB/sec
ALT: 12 | SPD:  0 | BAT: 66 | WIFI: 90 | CAM:  0 | MODE:  6
ALT: 12 | SPD:  0 | BAT: 66 | WIFI: 90 | CAM:  0 | MODE:  6
ALT: 12 | SPD:  0 | BAT: 66 | WIFI: 90 | CAM:  0 | MODE:  6
ALT: 12 | SPD:  0 | BAT: 66 | WIFI: 90 | CAM:  0 | MODE:  6
ALT: 12 | SPD:  0 | BAT: 66 | WIFI: 90 | CAM:  0 | MODE:  6
ALT: 12 | SPD:  0 | BAT: 66 | WIFI: 90 | CAM:  0 | MODE:  6
ALT: 12 | SPD:  0 | BAT: 66 | WIFI: 90 | CAM:  0 | MODE:  6
ALT: 12 | SPD:  0 | BAT: 66 | WIFI: 90 | CAM:  0 | MODE:  6
ALT: 12 | SPD:  0 | BAT: 66 | WIFI: 90 | CAM:  0 | MODE:  6